<?xml version="1.0" encoding="UTF-8"?>
<!-- Generated by org.testng.reporters.JUnitReportReporter -->
<testsuite hostname="LAPTOP-6THEUBBE" name="qaclickacademy.SeleniumTest" tests="2" failures="0" timestamp="29 Mar 2020 12:44:11 GMT" time="0.001" errors="0">
  <testcase name="browserAutomation" time="0.000" classname="qaclickacademy.SeleniumTest"/>
  <testcase name="elementsUI" time="0.001" classname="qaclickacademy.SeleniumTest"/>
</testsuite> <!-- qaclickacademy.SeleniumTest -->
