<?xml version="1.0" encoding="UTF-8"?>
<!-- Generated by org.testng.reporters.JUnitReportReporter -->
<testsuite hostname="LAPTOP-6THEUBBE" name="qaclickacademy.AppiumTest" tests="2" failures="0" timestamp="29 Mar 2020 12:44:11 GMT" time="0.011" errors="0">
  <testcase name="iOSApps" time="0.011" classname="qaclickacademy.AppiumTest"/>
  <testcase name="nativeApps" time="0.000" classname="qaclickacademy.AppiumTest"/>
</testsuite> <!-- qaclickacademy.AppiumTest -->
