<?xml version="1.0" encoding="UTF-8"?>
<!-- Generated by org.testng.reporters.JUnitReportReporter -->
<testsuite hostname="LAPTOP-6THEUBBE" name="qaclickacademy.RESTAPITest" tests="2" failures="0" timestamp="29 Mar 2020 12:44:11 GMT" time="0.004" errors="0">
  <testcase name="deleteTwitter" time="0.003" classname="qaclickacademy.RESTAPITest"/>
  <testcase name="postJira" time="0.001" classname="qaclickacademy.RESTAPITest"/>
</testsuite> <!-- qaclickacademy.RESTAPITest -->
